<?xml version="1.0" encoding="UTF-8"?>
<coverage generated="1668025912775" clover="3.2.0">
  <project timestamp="1668025912775" name="All files">
    <metrics statements="34" coveredstatements="24" conditionals="26" coveredconditionals="17" methods="11" coveredmethods="6" elements="71" coveredelements="47" complexity="0" loc="34" ncloc="34" packages="2" files="2" classes="2"/>
    <package name="express-jobly">
      <metrics statements="8" coveredstatements="5" conditionals="4" coveredconditionals="1" methods="5" coveredmethods="2"/>
      <file name="expressError.js" path="/Users/christopherchen/rithm-school/exercises/week-7-node-APIs/day-33&34&35-Wed-Nov-9/express-jobly/expressError.js">
        <metrics statements="8" coveredstatements="5" conditionals="4" coveredconditionals="1" methods="5" coveredmethods="2"/>
        <line num="9" count="2" type="stmt"/>
        <line num="10" count="2" type="stmt"/>
        <line num="11" count="2" type="stmt"/>
        <line num="19" count="0" type="stmt"/>
        <line num="27" count="0" type="stmt"/>
        <line num="35" count="2" type="stmt"/>
        <line num="43" count="0" type="stmt"/>
        <line num="47" count="1" type="stmt"/>
      </file>
    </package>
    <package name="express-jobly.helpers">
      <metrics statements="26" coveredstatements="19" conditionals="22" coveredconditionals="16" methods="6" coveredmethods="4"/>
      <file name="sql.js" path="/Users/christopherchen/rithm-school/exercises/week-7-node-APIs/day-33&34&35-Wed-Nov-9/express-jobly/helpers/sql.js">
        <metrics statements="26" coveredstatements="19" conditionals="22" coveredconditionals="16" methods="6" coveredmethods="4"/>
        <line num="3" count="1" type="stmt"/>
        <line num="33" count="4" type="stmt"/>
        <line num="34" count="4" type="cond" truecount="2" falsecount="0"/>
        <line num="37" count="3" type="stmt"/>
        <line num="38" count="4" type="cond" truecount="2" falsecount="0"/>
        <line num="41" count="3" type="stmt"/>
        <line num="52" count="0" type="stmt"/>
        <line num="53" count="0" type="cond" truecount="0" falsecount="2"/>
        <line num="56" count="0" type="stmt"/>
        <line num="57" count="0" type="cond" truecount="0" falsecount="2"/>
        <line num="60" count="0" type="stmt"/>
        <line num="69" count="1" type="cond" truecount="3" falsecount="1"/>
        <line num="70" count="0" type="stmt"/>
        <line num="72" count="1" type="stmt"/>
        <line num="82" count="4" type="stmt"/>
        <line num="83" count="4" type="cond" truecount="3" falsecount="1"/>
        <line num="84" count="0" type="stmt"/>
        <line num="86" count="4" type="cond" truecount="2" falsecount="0"/>
        <line num="87" count="1" type="stmt"/>
        <line num="89" count="3" type="stmt"/>
        <line num="90" count="3" type="cond" truecount="2" falsecount="0"/>
        <line num="91" count="2" type="stmt"/>
        <line num="93" count="3" type="cond" truecount="2" falsecount="0"/>
        <line num="94" count="2" type="stmt"/>
        <line num="97" count="3" type="stmt"/>
        <line num="100" count="1" type="stmt"/>
      </file>
    </package>
  </project>
</coverage>
