{"/Users/pdima/rithm/projects/express-jobly/app.js": {"path":"/Users/pdima/rithm/projects/express-jobly/app.js","statementMap":{"0":{"start":{"line":5,"column":16},"end":{"line":5,"column":34}},"1":{"start":{"line":6,"column":13},"end":{"line":6,"column":28}},"2":{"start":{"line":8,"column":26},"end":{"line":8,"column":51}},"3":{"start":{"line":10,"column":28},"end":{"line":10,"column":56}},"4":{"start":{"line":11,"column":19},"end":{"line":11,"column":43}},"5":{"start":{"line":12,"column":24},"end":{"line":12,"column":53}},"6":{"start":{"line":13,"column":20},"end":{"line":13,"column":45}},"7":{"start":{"line":14,"column":19},"end":{"line":14,"column":43}},"8":{"start":{"line":16,"column":15},"end":{"line":16,"column":32}},"9":{"start":{"line":18,"column":12},"end":{"line":18,"column":21}},"10":{"start":{"line":20,"column":0},"end":{"line":20,"column":16}},"11":{"start":{"line":21,"column":0},"end":{"line":21,"column":24}},"12":{"start":{"line":22,"column":0},"end":{"line":22,"column":24}},"13":{"start":{"line":23,"column":0},"end":{"line":23,"column":25}},"14":{"start":{"line":25,"column":0},"end":{"line":25,"column":29}},"15":{"start":{"line":26,"column":0},"end":{"line":26,"column":39}},"16":{"start":{"line":27,"column":0},"end":{"line":27,"column":31}},"17":{"start":{"line":28,"column":0},"end":{"line":28,"column":29}},"18":{"start":{"line":32,"column":0},"end":{"line":34,"column":3}},"19":{"start":{"line":33,"column":2},"end":{"line":33,"column":28}},"20":{"start":{"line":37,"column":0},"end":{"line":45,"column":3}},"21":{"start":{"line":38,"column":2},"end":{"line":38,"column":64}},"22":{"start":{"line":38,"column":39},"end":{"line":38,"column":64}},"23":{"start":{"line":39,"column":17},"end":{"line":39,"column":34}},"24":{"start":{"line":40,"column":18},"end":{"line":40,"column":29}},"25":{"start":{"line":42,"column":2},"end":{"line":44,"column":5}},"26":{"start":{"line":47,"column":0},"end":{"line":47,"column":21}}},"fnMap":{"0":{"name":"(anonymous_0)","decl":{"start":{"line":32,"column":8},"end":{"line":32,"column":9}},"loc":{"start":{"line":32,"column":34},"end":{"line":34,"column":1}},"line":32},"1":{"name":"(anonymous_1)","decl":{"start":{"line":37,"column":8},"end":{"line":37,"column":9}},"loc":{"start":{"line":37,"column":39},"end":{"line":45,"column":1}},"line":37}},"branchMap":{"0":{"loc":{"start":{"line":38,"column":2},"end":{"line":38,"column":64}},"type":"if","locations":[{"start":{"line":38,"column":2},"end":{"line":38,"column":64}},{"start":{},"end":{}}],"line":38},"1":{"loc":{"start":{"line":39,"column":17},"end":{"line":39,"column":34}},"type":"binary-expr","locations":[{"start":{"line":39,"column":17},"end":{"line":39,"column":27}},{"start":{"line":39,"column":31},"end":{"line":39,"column":34}}],"line":39}},"s":{"0":1,"1":1,"2":1,"3":1,"4":1,"5":1,"6":1,"7":1,"8":1,"9":1,"10":1,"11":1,"12":1,"13":1,"14":1,"15":1,"16":1,"17":1,"18":1,"19":0,"20":1,"21":22,"22":0,"23":22,"24":22,"25":22,"26":1},"f":{"0":0,"1":22},"b":{"0":[0,22],"1":[22,1]},"_coverageSchema":"1a1c01bbd47fc00a2c39e90264f33305004495a9","hash":"bdf5f41464a07366aded116e02b8f39fad39b80d"}
,"/Users/pdima/rithm/projects/express-jobly/config.js": {"path":"/Users/pdima/rithm/projects/express-jobly/config.js","statementMap":{"0":{"start":{"line":5,"column":0},"end":{"line":5,"column":27}},"1":{"start":{"line":6,"column":0},"end":{"line":6,"column":18}},"2":{"start":{"line":8,"column":19},"end":{"line":8,"column":57}},"3":{"start":{"line":10,"column":13},"end":{"line":10,"column":38}},"4":{"start":{"line":14,"column":2},"end":{"line":16,"column":44}},"5":{"start":{"line":22,"column":27},"end":{"line":22,"column":67}},"6":{"start":{"line":24,"column":0},"end":{"line":24,"column":35}},"7":{"start":{"line":25,"column":0},"end":{"line":25,"column":46}},"8":{"start":{"line":26,"column":0},"end":{"line":26,"column":45}},"9":{"start":{"line":27,"column":0},"end":{"line":27,"column":61}},"10":{"start":{"line":28,"column":0},"end":{"line":28,"column":50}},"11":{"start":{"line":29,"column":0},"end":{"line":29,"column":19}},"12":{"start":{"line":31,"column":0},"end":{"line":36,"column":2}}},"fnMap":{"0":{"name":"getDatabaseUri","decl":{"start":{"line":13,"column":9},"end":{"line":13,"column":23}},"loc":{"start":{"line":13,"column":26},"end":{"line":17,"column":1}},"line":13}},"branchMap":{"0":{"loc":{"start":{"line":8,"column":19},"end":{"line":8,"column":57}},"type":"binary-expr","locations":[{"start":{"line":8,"column":19},"end":{"line":8,"column":41}},{"start":{"line":8,"column":45},"end":{"line":8,"column":57}}],"line":8},"1":{"loc":{"start":{"line":10,"column":13},"end":{"line":10,"column":38}},"type":"binary-expr","locations":[{"start":{"line":10,"column":13},"end":{"line":10,"column":30}},{"start":{"line":10,"column":34},"end":{"line":10,"column":38}}],"line":10},"2":{"loc":{"start":{"line":14,"column":9},"end":{"line":16,"column":43}},"type":"cond-expr","locations":[{"start":{"line":15,"column":8},"end":{"line":15,"column":20}},{"start":{"line":16,"column":8},"end":{"line":16,"column":43}}],"line":14},"3":{"loc":{"start":{"line":16,"column":8},"end":{"line":16,"column":43}},"type":"binary-expr","locations":[{"start":{"line":16,"column":8},"end":{"line":16,"column":32}},{"start":{"line":16,"column":36},"end":{"line":16,"column":43}}],"line":16},"4":{"loc":{"start":{"line":22,"column":27},"end":{"line":22,"column":67}},"type":"cond-expr","locations":[{"start":{"line":22,"column":61},"end":{"line":22,"column":62}},{"start":{"line":22,"column":65},"end":{"line":22,"column":67}}],"line":22}},"s":{"0":1,"1":1,"2":1,"3":1,"4":2,"5":1,"6":1,"7":1,"8":1,"9":1,"10":1,"11":1,"12":1},"f":{"0":2},"b":{"0":[1,1],"1":[1,1],"2":[2,0],"3":[0,0],"4":[1,0]},"_coverageSchema":"1a1c01bbd47fc00a2c39e90264f33305004495a9","hash":"3d49087e779b4f81fc25c76616aa02c7d7bae3ea"}
,"/Users/pdima/rithm/projects/express-jobly/db.js": {"path":"/Users/pdima/rithm/projects/express-jobly/db.js","statementMap":{"0":{"start":{"line":5,"column":19},"end":{"line":5,"column":32}},"1":{"start":{"line":6,"column":27},"end":{"line":6,"column":46}},"2":{"start":{"line":8,"column":11},"end":{"line":10,"column":2}},"3":{"start":{"line":12,"column":0},"end":{"line":12,"column":13}},"4":{"start":{"line":14,"column":0},"end":{"line":14,"column":20}}},"fnMap":{},"branchMap":{},"s":{"0":1,"1":1,"2":1,"3":1,"4":1},"f":{},"b":{},"_coverageSchema":"1a1c01bbd47fc00a2c39e90264f33305004495a9","hash":"32ed26f08bd41669d3993d166cb4034ea6c556f5"}
,"/Users/pdima/rithm/projects/express-jobly/expressError.js": {"path":"/Users/pdima/rithm/projects/express-jobly/expressError.js","statementMap":{"0":{"start":{"line":9,"column":4},"end":{"line":9,"column":12}},"1":{"start":{"line":10,"column":4},"end":{"line":10,"column":27}},"2":{"start":{"line":11,"column":4},"end":{"line":11,"column":25}},"3":{"start":{"line":19,"column":4},"end":{"line":19,"column":24}},"4":{"start":{"line":27,"column":4},"end":{"line":27,"column":24}},"5":{"start":{"line":35,"column":4},"end":{"line":35,"column":24}},"6":{"start":{"line":43,"column":4},"end":{"line":43,"column":24}},"7":{"start":{"line":47,"column":0},"end":{"line":53,"column":2}}},"fnMap":{"0":{"name":"(anonymous_0)","decl":{"start":{"line":8,"column":2},"end":{"line":8,"column":3}},"loc":{"start":{"line":8,"column":31},"end":{"line":12,"column":3}},"line":8},"1":{"name":"(anonymous_1)","decl":{"start":{"line":18,"column":2},"end":{"line":18,"column":3}},"loc":{"start":{"line":18,"column":37},"end":{"line":20,"column":3}},"line":18},"2":{"name":"(anonymous_2)","decl":{"start":{"line":26,"column":2},"end":{"line":26,"column":3}},"loc":{"start":{"line":26,"column":40},"end":{"line":28,"column":3}},"line":26},"3":{"name":"(anonymous_3)","decl":{"start":{"line":34,"column":2},"end":{"line":34,"column":3}},"loc":{"start":{"line":34,"column":39},"end":{"line":36,"column":3}},"line":34},"4":{"name":"(anonymous_4)","decl":{"start":{"line":42,"column":2},"end":{"line":42,"column":3}},"loc":{"start":{"line":42,"column":39},"end":{"line":44,"column":3}},"line":42}},"branchMap":{"0":{"loc":{"start":{"line":18,"column":14},"end":{"line":18,"column":35}},"type":"default-arg","locations":[{"start":{"line":18,"column":24},"end":{"line":18,"column":35}}],"line":18},"1":{"loc":{"start":{"line":26,"column":14},"end":{"line":26,"column":38}},"type":"default-arg","locations":[{"start":{"line":26,"column":24},"end":{"line":26,"column":38}}],"line":26},"2":{"loc":{"start":{"line":34,"column":14},"end":{"line":34,"column":37}},"type":"default-arg","locations":[{"start":{"line":34,"column":24},"end":{"line":34,"column":37}}],"line":34},"3":{"loc":{"start":{"line":42,"column":14},"end":{"line":42,"column":37}},"type":"default-arg","locations":[{"start":{"line":42,"column":24},"end":{"line":42,"column":37}}],"line":42}},"s":{"0":21,"1":21,"2":21,"3":3,"4":13,"5":5,"6":0,"7":1},"f":{"0":21,"1":3,"2":13,"3":5,"4":0},"b":{"0":[0],"1":[13],"2":[0],"3":[0]},"_coverageSchema":"1a1c01bbd47fc00a2c39e90264f33305004495a9","hash":"6044cba6815bbb3889f6bb55004dcb06bcdde4b1"}
,"/Users/pdima/rithm/projects/express-jobly/helpers/sql.js": {"path":"/Users/pdima/rithm/projects/express-jobly/helpers/sql.js","statementMap":{"0":{"start":{"line":3,"column":28},"end":{"line":3,"column":54}},"1":{"start":{"line":34,"column":15},"end":{"line":34,"column":40}},"2":{"start":{"line":35,"column":2},"end":{"line":35,"column":62}},"3":{"start":{"line":35,"column":25},"end":{"line":35,"column":62}},"4":{"start":{"line":38,"column":15},"end":{"line":40,"column":3}},"5":{"start":{"line":39,"column":22},"end":{"line":39,"column":68}},"6":{"start":{"line":42,"column":2},"end":{"line":45,"column":4}},"7":{"start":{"line":63,"column":51},"end":{"line":63,"column":62}},"8":{"start":{"line":65,"column":13},"end":{"line":65,"column":15}},"9":{"start":{"line":66,"column":15},"end":{"line":66,"column":17}},"10":{"start":{"line":68,"column":2},"end":{"line":76,"column":3}},"11":{"start":{"line":69,"column":37},"end":{"line":72,"column":5}},"12":{"start":{"line":74,"column":4},"end":{"line":74,"column":33}},"13":{"start":{"line":75,"column":4},"end":{"line":75,"column":39}},"14":{"start":{"line":78,"column":2},"end":{"line":89,"column":3}},"15":{"start":{"line":79,"column":37},"end":{"line":85,"column":5}},"16":{"start":{"line":87,"column":4},"end":{"line":87,"column":33}},"17":{"start":{"line":88,"column":4},"end":{"line":88,"column":39}},"18":{"start":{"line":91,"column":2},"end":{"line":94,"column":4}},"19":{"start":{"line":114,"column":2},"end":{"line":116,"column":3}},"20":{"start":{"line":115,"column":4},"end":{"line":115,"column":32}},"21":{"start":{"line":117,"column":14},"end":{"line":117,"column":45}},"22":{"start":{"line":118,"column":16},"end":{"line":118,"column":33}},"23":{"start":{"line":119,"column":2},"end":{"line":122,"column":4}},"24":{"start":{"line":143,"column":41},"end":{"line":143,"column":51}},"25":{"start":{"line":144,"column":2},"end":{"line":146,"column":3}},"26":{"start":{"line":145,"column":4},"end":{"line":145,"column":32}},"27":{"start":{"line":147,"column":2},"end":{"line":149,"column":3}},"28":{"start":{"line":148,"column":4},"end":{"line":148,"column":81}},"29":{"start":{"line":151,"column":21},"end":{"line":151,"column":23}},"30":{"start":{"line":152,"column":17},"end":{"line":152,"column":19}},"31":{"start":{"line":154,"column":2},"end":{"line":158,"column":3}},"32":{"start":{"line":155,"column":4},"end":{"line":155,"column":59}},"33":{"start":{"line":156,"column":4},"end":{"line":156,"column":30}},"34":{"start":{"line":157,"column":4},"end":{"line":157,"column":17}},"35":{"start":{"line":159,"column":2},"end":{"line":163,"column":3}},"36":{"start":{"line":160,"column":4},"end":{"line":160,"column":59}},"37":{"start":{"line":161,"column":4},"end":{"line":161,"column":30}},"38":{"start":{"line":162,"column":4},"end":{"line":162,"column":17}},"39":{"start":{"line":165,"column":2},"end":{"line":168,"column":4}},"40":{"start":{"line":171,"column":0},"end":{"line":176,"column":2}}},"fnMap":{"0":{"name":"sqlForPartialUpdate","decl":{"start":{"line":33,"column":9},"end":{"line":33,"column":28}},"loc":{"start":{"line":33,"column":52},"end":{"line":46,"column":1}},"line":33},"1":{"name":"(anonymous_1)","decl":{"start":{"line":39,"column":4},"end":{"line":39,"column":5}},"loc":{"start":{"line":39,"column":22},"end":{"line":39,"column":68}},"line":39},"2":{"name":"sqlForCompanySearch","decl":{"start":{"line":62,"column":9},"end":{"line":62,"column":28}},"loc":{"start":{"line":62,"column":42},"end":{"line":95,"column":1}},"line":62},"3":{"name":"_sqlForCompanySearchByName","decl":{"start":{"line":113,"column":9},"end":{"line":113,"column":35}},"loc":{"start":{"line":113,"column":60},"end":{"line":123,"column":1}},"line":113},"4":{"name":"_sqlForCompanySearchByNumEmps","decl":{"start":{"line":142,"column":9},"end":{"line":142,"column":38}},"loc":{"start":{"line":142,"column":63},"end":{"line":169,"column":1}},"line":142}},"branchMap":{"0":{"loc":{"start":{"line":35,"column":2},"end":{"line":35,"column":62}},"type":"if","locations":[{"start":{"line":35,"column":2},"end":{"line":35,"column":62}},{"start":{},"end":{}}],"line":35},"1":{"loc":{"start":{"line":39,"column":26},"end":{"line":39,"column":53}},"type":"binary-expr","locations":[{"start":{"line":39,"column":26},"end":{"line":39,"column":42}},{"start":{"line":39,"column":46},"end":{"line":39,"column":53}}],"line":39},"2":{"loc":{"start":{"line":68,"column":2},"end":{"line":76,"column":3}},"type":"if","locations":[{"start":{"line":68,"column":2},"end":{"line":76,"column":3}},{"start":{},"end":{}}],"line":68},"3":{"loc":{"start":{"line":78,"column":2},"end":{"line":89,"column":3}},"type":"if","locations":[{"start":{"line":78,"column":2},"end":{"line":89,"column":3}},{"start":{},"end":{}}],"line":78},"4":{"loc":{"start":{"line":78,"column":6},"end":{"line":78,"column":62}},"type":"binary-expr","locations":[{"start":{"line":78,"column":6},"end":{"line":78,"column":32}},{"start":{"line":78,"column":36},"end":{"line":78,"column":62}}],"line":78},"5":{"loc":{"start":{"line":114,"column":2},"end":{"line":116,"column":3}},"type":"if","locations":[{"start":{"line":114,"column":2},"end":{"line":116,"column":3}},{"start":{},"end":{}}],"line":114},"6":{"loc":{"start":{"line":114,"column":6},"end":{"line":114,"column":51}},"type":"binary-expr","locations":[{"start":{"line":114,"column":6},"end":{"line":114,"column":30}},{"start":{"line":114,"column":34},"end":{"line":114,"column":51}}],"line":114},"7":{"loc":{"start":{"line":144,"column":2},"end":{"line":146,"column":3}},"type":"if","locations":[{"start":{"line":144,"column":2},"end":{"line":146,"column":3}},{"start":{},"end":{}}],"line":144},"8":{"loc":{"start":{"line":144,"column":6},"end":{"line":144,"column":62}},"type":"binary-expr","locations":[{"start":{"line":144,"column":6},"end":{"line":144,"column":32}},{"start":{"line":144,"column":36},"end":{"line":144,"column":62}}],"line":144},"9":{"loc":{"start":{"line":147,"column":2},"end":{"line":149,"column":3}},"type":"if","locations":[{"start":{"line":147,"column":2},"end":{"line":149,"column":3}},{"start":{},"end":{}}],"line":147},"10":{"loc":{"start":{"line":154,"column":2},"end":{"line":158,"column":3}},"type":"if","locations":[{"start":{"line":154,"column":2},"end":{"line":158,"column":3}},{"start":{},"end":{}}],"line":154},"11":{"loc":{"start":{"line":159,"column":2},"end":{"line":163,"column":3}},"type":"if","locations":[{"start":{"line":159,"column":2},"end":{"line":163,"column":3}},{"start":{},"end":{}}],"line":159}},"s":{"0":1,"1":2,"2":2,"3":0,"4":2,"5":2,"6":2,"7":0,"8":0,"9":0,"10":0,"11":0,"12":0,"13":0,"14":0,"15":0,"16":0,"17":0,"18":0,"19":0,"20":0,"21":0,"22":0,"23":0,"24":0,"25":0,"26":0,"27":0,"28":0,"29":0,"30":0,"31":0,"32":0,"33":0,"34":0,"35":0,"36":0,"37":0,"38":0,"39":0,"40":1},"f":{"0":2,"1":2,"2":0,"3":0,"4":0},"b":{"0":[0,2],"1":[2,2],"2":[0,0],"3":[0,0],"4":[0,0],"5":[0,0],"6":[0,0],"7":[0,0],"8":[0,0],"9":[0,0],"10":[0,0],"11":[0,0]},"_coverageSchema":"1a1c01bbd47fc00a2c39e90264f33305004495a9","hash":"8f432e92cb9d6255fb583f5399dfb65a044cadba"}
,"/Users/pdima/rithm/projects/express-jobly/helpers/tokens.js": {"path":"/Users/pdima/rithm/projects/express-jobly/helpers/tokens.js","statementMap":{"0":{"start":{"line":1,"column":12},"end":{"line":1,"column":35}},"1":{"start":{"line":2,"column":23},"end":{"line":2,"column":43}},"2":{"start":{"line":7,"column":2},"end":{"line":8,"column":58}},"3":{"start":{"line":10,"column":16},"end":{"line":13,"column":3}},"4":{"start":{"line":15,"column":2},"end":{"line":15,"column":39}},"5":{"start":{"line":18,"column":0},"end":{"line":18,"column":33}}},"fnMap":{"0":{"name":"createToken","decl":{"start":{"line":6,"column":9},"end":{"line":6,"column":20}},"loc":{"start":{"line":6,"column":27},"end":{"line":16,"column":1}},"line":6}},"branchMap":{"0":{"loc":{"start":{"line":12,"column":13},"end":{"line":12,"column":34}},"type":"binary-expr","locations":[{"start":{"line":12,"column":13},"end":{"line":12,"column":25}},{"start":{"line":12,"column":29},"end":{"line":12,"column":34}}],"line":12}},"s":{"0":1,"1":1,"2":3,"3":3,"4":3,"5":1},"f":{"0":3},"b":{"0":[3,2]},"_coverageSchema":"1a1c01bbd47fc00a2c39e90264f33305004495a9","hash":"50d7b34ae11b31a62c1c0e9f9323ea249b635dd9"}
,"/Users/pdima/rithm/projects/express-jobly/middleware/auth.js": {"path":"/Users/pdima/rithm/projects/express-jobly/middleware/auth.js","statementMap":{"0":{"start":{"line":5,"column":12},"end":{"line":5,"column":35}},"1":{"start":{"line":6,"column":23},"end":{"line":6,"column":43}},"2":{"start":{"line":7,"column":30},"end":{"line":7,"column":56}},"3":{"start":{"line":18,"column":2},"end":{"line":27,"column":3}},"4":{"start":{"line":19,"column":23},"end":{"line":19,"column":63}},"5":{"start":{"line":20,"column":4},"end":{"line":23,"column":5}},"6":{"start":{"line":21,"column":20},"end":{"line":21,"column":64}},"7":{"start":{"line":22,"column":6},"end":{"line":22,"column":54}},"8":{"start":{"line":24,"column":4},"end":{"line":24,"column":18}},"9":{"start":{"line":26,"column":4},"end":{"line":26,"column":18}},"10":{"start":{"line":36,"column":2},"end":{"line":41,"column":3}},"11":{"start":{"line":40,"column":4},"end":{"line":40,"column":34}},"12":{"start":{"line":42,"column":2},"end":{"line":42,"column":16}},"13":{"start":{"line":51,"column":2},"end":{"line":51,"column":66}},"14":{"start":{"line":51,"column":36},"end":{"line":51,"column":66}},"15":{"start":{"line":52,"column":2},"end":{"line":57,"column":3}},"16":{"start":{"line":56,"column":4},"end":{"line":56,"column":34}},"17":{"start":{"line":58,"column":2},"end":{"line":58,"column":16}},"18":{"start":{"line":67,"column":2},"end":{"line":67,"column":54}},"19":{"start":{"line":67,"column":24},"end":{"line":67,"column":54}},"20":{"start":{"line":68,"column":2},"end":{"line":68,"column":16}},"21":{"start":{"line":71,"column":0},"end":{"line":76,"column":2}}},"fnMap":{"0":{"name":"authenticateJWT","decl":{"start":{"line":17,"column":9},"end":{"line":17,"column":24}},"loc":{"start":{"line":17,"column":41},"end":{"line":28,"column":1}},"line":17},"1":{"name":"ensureAdmin","decl":{"start":{"line":35,"column":9},"end":{"line":35,"column":20}},"loc":{"start":{"line":35,"column":37},"end":{"line":43,"column":1}},"line":35},"2":{"name":"ensureAdminOrSelf","decl":{"start":{"line":50,"column":9},"end":{"line":50,"column":26}},"loc":{"start":{"line":50,"column":43},"end":{"line":59,"column":1}},"line":50},"3":{"name":"ensureLoggedIn","decl":{"start":{"line":66,"column":9},"end":{"line":66,"column":23}},"loc":{"start":{"line":66,"column":40},"end":{"line":69,"column":1}},"line":66}},"branchMap":{"0":{"loc":{"start":{"line":19,"column":23},"end":{"line":19,"column":63}},"type":"binary-expr","locations":[{"start":{"line":19,"column":23},"end":{"line":19,"column":34}},{"start":{"line":19,"column":38},"end":{"line":19,"column":63}}],"line":19},"1":{"loc":{"start":{"line":20,"column":4},"end":{"line":23,"column":5}},"type":"if","locations":[{"start":{"line":20,"column":4},"end":{"line":23,"column":5}},{"start":{},"end":{}}],"line":20},"2":{"loc":{"start":{"line":36,"column":2},"end":{"line":41,"column":3}},"type":"if","locations":[{"start":{"line":36,"column":2},"end":{"line":41,"column":3}},{"start":{},"end":{}}],"line":36},"3":{"loc":{"start":{"line":37,"column":4},"end":{"line":38,"column":40}},"type":"binary-expr","locations":[{"start":{"line":37,"column":4},"end":{"line":37,"column":33}},{"start":{"line":38,"column":7},"end":{"line":38,"column":40}}],"line":37},"4":{"loc":{"start":{"line":51,"column":2},"end":{"line":51,"column":66}},"type":"if","locations":[{"start":{"line":51,"column":2},"end":{"line":51,"column":66}},{"start":{},"end":{}}],"line":51},"5":{"loc":{"start":{"line":52,"column":2},"end":{"line":57,"column":3}},"type":"if","locations":[{"start":{"line":52,"column":2},"end":{"line":57,"column":3}},{"start":{},"end":{}}],"line":52},"6":{"loc":{"start":{"line":53,"column":4},"end":{"line":54,"column":56}},"type":"binary-expr","locations":[{"start":{"line":53,"column":4},"end":{"line":53,"column":37}},{"start":{"line":54,"column":7},"end":{"line":54,"column":56}}],"line":53},"7":{"loc":{"start":{"line":67,"column":2},"end":{"line":67,"column":54}},"type":"if","locations":[{"start":{"line":67,"column":2},"end":{"line":67,"column":54}},{"start":{},"end":{}}],"line":67}},"s":{"0":1,"1":1,"2":1,"3":26,"4":26,"5":26,"6":18,"7":18,"8":26,"9":0,"10":22,"11":13,"12":9,"13":0,"14":0,"15":0,"16":0,"17":0,"18":0,"19":0,"20":0,"21":1},"f":{"0":26,"1":22,"2":0,"3":0},"b":{"0":[26,26],"1":[18,8],"2":[13,9],"3":[22,17],"4":[0,0],"5":[0,0],"6":[0,0],"7":[0,0]},"_coverageSchema":"1a1c01bbd47fc00a2c39e90264f33305004495a9","hash":"754cc021c56ed97b32217fdb554a8524554bdedb"}
,"/Users/pdima/rithm/projects/express-jobly/models/company.js": {"path":"/Users/pdima/rithm/projects/express-jobly/models/company.js","statementMap":{"0":{"start":{"line":3,"column":11},"end":{"line":3,"column":27}},"1":{"start":{"line":4,"column":43},"end":{"line":4,"column":69}},"2":{"start":{"line":5,"column":53},"end":{"line":5,"column":78}},"3":{"start":{"line":20,"column":27},"end":{"line":24,"column":17}},"4":{"start":{"line":26,"column":4},"end":{"line":27,"column":64}},"5":{"start":{"line":27,"column":6},"end":{"line":27,"column":64}},"6":{"start":{"line":29,"column":19},"end":{"line":46,"column":5}},"7":{"start":{"line":47,"column":20},"end":{"line":47,"column":34}},"8":{"start":{"line":49,"column":4},"end":{"line":49,"column":19}},"9":{"start":{"line":58,"column":25},"end":{"line":65,"column":26}},"10":{"start":{"line":66,"column":4},"end":{"line":66,"column":29}},"11":{"start":{"line":77,"column":33},"end":{"line":77,"column":65}},"12":{"start":{"line":79,"column":21},"end":{"line":87,"column":22}},"13":{"start":{"line":92,"column":25},"end":{"line":92,"column":57}},"14":{"start":{"line":94,"column":4},"end":{"line":94,"column":29}},"15":{"start":{"line":106,"column":23},"end":{"line":114,"column":17}},"16":{"start":{"line":116,"column":20},"end":{"line":116,"column":38}},"17":{"start":{"line":118,"column":4},"end":{"line":118,"column":67}},"18":{"start":{"line":118,"column":18},"end":{"line":118,"column":67}},"19":{"start":{"line":120,"column":4},"end":{"line":120,"column":19}},"20":{"start":{"line":136,"column":32},"end":{"line":141,"column":10}},"21":{"start":{"line":142,"column":25},"end":{"line":142,"column":50}},"22":{"start":{"line":144,"column":21},"end":{"line":148,"column":100}},"23":{"start":{"line":149,"column":19},"end":{"line":149,"column":64}},"24":{"start":{"line":150,"column":20},"end":{"line":150,"column":34}},"25":{"start":{"line":152,"column":4},"end":{"line":152,"column":67}},"26":{"start":{"line":152,"column":18},"end":{"line":152,"column":67}},"27":{"start":{"line":154,"column":4},"end":{"line":154,"column":19}},"28":{"start":{"line":163,"column":19},"end":{"line":168,"column":17}},"29":{"start":{"line":169,"column":20},"end":{"line":169,"column":34}},"30":{"start":{"line":171,"column":4},"end":{"line":171,"column":67}},"31":{"start":{"line":171,"column":18},"end":{"line":171,"column":67}},"32":{"start":{"line":176,"column":0},"end":{"line":176,"column":25}}},"fnMap":{"0":{"name":"(anonymous_0)","decl":{"start":{"line":19,"column":2},"end":{"line":19,"column":3}},"loc":{"start":{"line":19,"column":76},"end":{"line":50,"column":3}},"line":19},"1":{"name":"(anonymous_1)","decl":{"start":{"line":57,"column":2},"end":{"line":57,"column":3}},"loc":{"start":{"line":57,"column":25},"end":{"line":67,"column":3}},"line":57},"2":{"name":"(anonymous_2)","decl":{"start":{"line":75,"column":2},"end":{"line":75,"column":3}},"loc":{"start":{"line":75,"column":41},"end":{"line":95,"column":3}},"line":75},"3":{"name":"(anonymous_3)","decl":{"start":{"line":105,"column":2},"end":{"line":105,"column":3}},"loc":{"start":{"line":105,"column":27},"end":{"line":121,"column":3}},"line":105},"4":{"name":"(anonymous_4)","decl":{"start":{"line":135,"column":2},"end":{"line":135,"column":3}},"loc":{"start":{"line":135,"column":36},"end":{"line":155,"column":3}},"line":135},"5":{"name":"(anonymous_5)","decl":{"start":{"line":162,"column":2},"end":{"line":162,"column":3}},"loc":{"start":{"line":162,"column":30},"end":{"line":172,"column":3}},"line":162}},"branchMap":{"0":{"loc":{"start":{"line":26,"column":4},"end":{"line":27,"column":64}},"type":"if","locations":[{"start":{"line":26,"column":4},"end":{"line":27,"column":64}},{"start":{},"end":{}}],"line":26},"1":{"loc":{"start":{"line":118,"column":4},"end":{"line":118,"column":67}},"type":"if","locations":[{"start":{"line":118,"column":4},"end":{"line":118,"column":67}},{"start":{},"end":{}}],"line":118},"2":{"loc":{"start":{"line":152,"column":4},"end":{"line":152,"column":67}},"type":"if","locations":[{"start":{"line":152,"column":4},"end":{"line":152,"column":67}},{"start":{},"end":{}}],"line":152},"3":{"loc":{"start":{"line":171,"column":4},"end":{"line":171,"column":67}},"type":"if","locations":[{"start":{"line":171,"column":4},"end":{"line":171,"column":67}},{"start":{},"end":{}}],"line":171}},"s":{"0":1,"1":1,"2":1,"3":3,"4":3,"5":0,"6":3,"7":3,"8":3,"9":1,"10":0,"11":0,"12":0,"13":0,"14":0,"15":0,"16":0,"17":0,"18":0,"19":0,"20":0,"21":0,"22":0,"23":0,"24":0,"25":0,"26":0,"27":0,"28":0,"29":0,"30":0,"31":0,"32":1},"f":{"0":3,"1":1,"2":0,"3":0,"4":0,"5":0},"b":{"0":[0,3],"1":[0,0],"2":[0,0],"3":[0,0]},"_coverageSchema":"1a1c01bbd47fc00a2c39e90264f33305004495a9","hash":"a8968ddb2afe25baaebf583be0d7d2310ba6396d"}
,"/Users/pdima/rithm/projects/express-jobly/models/job.js": {"path":"/Users/pdima/rithm/projects/express-jobly/models/job.js","statementMap":{"0":{"start":{"line":3,"column":11},"end":{"line":3,"column":27}},"1":{"start":{"line":4,"column":43},"end":{"line":4,"column":69}},"2":{"start":{"line":5,"column":53},"end":{"line":5,"column":78}},"3":{"start":{"line":21,"column":19},"end":{"line":40,"column":5}},"4":{"start":{"line":41,"column":16},"end":{"line":41,"column":30}},"5":{"start":{"line":43,"column":4},"end":{"line":43,"column":15}},"6":{"start":{"line":52,"column":20},"end":{"line":59,"column":24}},"7":{"start":{"line":60,"column":4},"end":{"line":60,"column":24}},"8":{"start":{"line":71,"column":33},"end":{"line":71,"column":61}},"9":{"start":{"line":73,"column":21},"end":{"line":81,"column":20}},"10":{"start":{"line":86,"column":20},"end":{"line":86,"column":52}},"11":{"start":{"line":88,"column":4},"end":{"line":88,"column":24}},"12":{"start":{"line":99,"column":19},"end":{"line":107,"column":13}},"13":{"start":{"line":109,"column":16},"end":{"line":109,"column":30}},"14":{"start":{"line":111,"column":4},"end":{"line":111,"column":58}},"15":{"start":{"line":111,"column":14},"end":{"line":111,"column":58}},"16":{"start":{"line":113,"column":4},"end":{"line":113,"column":15}},"17":{"start":{"line":129,"column":32},"end":{"line":133,"column":10}},"18":{"start":{"line":134,"column":21},"end":{"line":134,"column":46}},"19":{"start":{"line":136,"column":21},"end":{"line":145,"column":44}},"20":{"start":{"line":146,"column":19},"end":{"line":146,"column":60}},"21":{"start":{"line":147,"column":16},"end":{"line":147,"column":30}},"22":{"start":{"line":149,"column":4},"end":{"line":149,"column":58}},"23":{"start":{"line":149,"column":14},"end":{"line":149,"column":58}},"24":{"start":{"line":151,"column":4},"end":{"line":151,"column":15}},"25":{"start":{"line":160,"column":19},"end":{"line":165,"column":13}},"26":{"start":{"line":166,"column":16},"end":{"line":166,"column":30}},"27":{"start":{"line":168,"column":4},"end":{"line":168,"column":58}},"28":{"start":{"line":168,"column":14},"end":{"line":168,"column":58}},"29":{"start":{"line":173,"column":0},"end":{"line":173,"column":21}}},"fnMap":{"0":{"name":"(anonymous_0)","decl":{"start":{"line":19,"column":2},"end":{"line":19,"column":3}},"loc":{"start":{"line":19,"column":64},"end":{"line":44,"column":3}},"line":19},"1":{"name":"(anonymous_1)","decl":{"start":{"line":51,"column":2},"end":{"line":51,"column":3}},"loc":{"start":{"line":51,"column":25},"end":{"line":61,"column":3}},"line":51},"2":{"name":"(anonymous_2)","decl":{"start":{"line":69,"column":2},"end":{"line":69,"column":3}},"loc":{"start":{"line":69,"column":41},"end":{"line":89,"column":3}},"line":69},"3":{"name":"(anonymous_3)","decl":{"start":{"line":98,"column":2},"end":{"line":98,"column":3}},"loc":{"start":{"line":98,"column":23},"end":{"line":114,"column":3}},"line":98},"4":{"name":"(anonymous_4)","decl":{"start":{"line":128,"column":2},"end":{"line":128,"column":3}},"loc":{"start":{"line":128,"column":32},"end":{"line":152,"column":3}},"line":128},"5":{"name":"(anonymous_5)","decl":{"start":{"line":159,"column":2},"end":{"line":159,"column":3}},"loc":{"start":{"line":159,"column":26},"end":{"line":169,"column":3}},"line":159}},"branchMap":{"0":{"loc":{"start":{"line":111,"column":4},"end":{"line":111,"column":58}},"type":"if","locations":[{"start":{"line":111,"column":4},"end":{"line":111,"column":58}},{"start":{},"end":{}}],"line":111},"1":{"loc":{"start":{"line":149,"column":4},"end":{"line":149,"column":58}},"type":"if","locations":[{"start":{"line":149,"column":4},"end":{"line":149,"column":58}},{"start":{},"end":{}}],"line":149},"2":{"loc":{"start":{"line":168,"column":4},"end":{"line":168,"column":58}},"type":"if","locations":[{"start":{"line":168,"column":4},"end":{"line":168,"column":58}},{"start":{},"end":{}}],"line":168}},"s":{"0":1,"1":1,"2":1,"3":3,"4":3,"5":3,"6":1,"7":1,"8":0,"9":0,"10":0,"11":0,"12":2,"13":2,"14":2,"15":1,"16":1,"17":2,"18":2,"19":2,"20":2,"21":2,"22":2,"23":1,"24":1,"25":2,"26":2,"27":2,"28":1,"29":1},"f":{"0":3,"1":1,"2":0,"3":2,"4":2,"5":2},"b":{"0":[1,1],"1":[1,1],"2":[1,1]},"_coverageSchema":"1a1c01bbd47fc00a2c39e90264f33305004495a9","hash":"5cff6c94d4660ca32b8e6d974445afc51696027e"}
,"/Users/pdima/rithm/projects/express-jobly/models/user.js": {"path":"/Users/pdima/rithm/projects/express-jobly/models/user.js","statementMap":{"0":{"start":{"line":3,"column":11},"end":{"line":3,"column":27}},"1":{"start":{"line":4,"column":15},"end":{"line":4,"column":32}},"2":{"start":{"line":5,"column":32},"end":{"line":5,"column":57}},"3":{"start":{"line":10,"column":4},"end":{"line":10,"column":30}},"4":{"start":{"line":12,"column":31},"end":{"line":12,"column":54}},"5":{"start":{"line":26,"column":19},"end":{"line":36,"column":5}},"6":{"start":{"line":38,"column":17},"end":{"line":38,"column":31}},"7":{"start":{"line":40,"column":4},"end":{"line":47,"column":5}},"8":{"start":{"line":42,"column":22},"end":{"line":42,"column":67}},"9":{"start":{"line":43,"column":6},"end":{"line":46,"column":7}},"10":{"start":{"line":44,"column":8},"end":{"line":44,"column":29}},"11":{"start":{"line":45,"column":8},"end":{"line":45,"column":20}},"12":{"start":{"line":49,"column":4},"end":{"line":49,"column":61}},"13":{"start":{"line":61,"column":27},"end":{"line":66,"column":5}},"14":{"start":{"line":68,"column":4},"end":{"line":70,"column":5}},"15":{"start":{"line":69,"column":6},"end":{"line":69,"column":67}},"16":{"start":{"line":72,"column":27},"end":{"line":72,"column":74}},"17":{"start":{"line":74,"column":19},"end":{"line":92,"column":5}},"18":{"start":{"line":94,"column":17},"end":{"line":94,"column":31}},"19":{"start":{"line":96,"column":4},"end":{"line":96,"column":16}},"20":{"start":{"line":105,"column":19},"end":{"line":113,"column":5}},"21":{"start":{"line":115,"column":4},"end":{"line":115,"column":23}},"22":{"start":{"line":127,"column":20},"end":{"line":136,"column":5}},"23":{"start":{"line":138,"column":17},"end":{"line":138,"column":32}},"24":{"start":{"line":140,"column":4},"end":{"line":140,"column":63}},"25":{"start":{"line":140,"column":15},"end":{"line":140,"column":63}},"26":{"start":{"line":142,"column":4},"end":{"line":142,"column":16}},"27":{"start":{"line":163,"column":4},"end":{"line":165,"column":5}},"28":{"start":{"line":164,"column":6},"end":{"line":164,"column":75}},"29":{"start":{"line":167,"column":32},"end":{"line":173,"column":10}},"30":{"start":{"line":174,"column":27},"end":{"line":174,"column":52}},"31":{"start":{"line":176,"column":21},"end":{"line":183,"column":54}},"32":{"start":{"line":184,"column":19},"end":{"line":184,"column":66}},"33":{"start":{"line":185,"column":17},"end":{"line":185,"column":31}},"34":{"start":{"line":187,"column":4},"end":{"line":187,"column":63}},"35":{"start":{"line":187,"column":15},"end":{"line":187,"column":63}},"36":{"start":{"line":189,"column":4},"end":{"line":189,"column":25}},"37":{"start":{"line":190,"column":4},"end":{"line":190,"column":16}},"38":{"start":{"line":196,"column":17},"end":{"line":202,"column":5}},"39":{"start":{"line":203,"column":17},"end":{"line":203,"column":31}},"40":{"start":{"line":205,"column":4},"end":{"line":205,"column":63}},"41":{"start":{"line":205,"column":15},"end":{"line":205,"column":63}},"42":{"start":{"line":210,"column":0},"end":{"line":210,"column":22}}},"fnMap":{"0":{"name":"(anonymous_0)","decl":{"start":{"line":24,"column":2},"end":{"line":24,"column":3}},"loc":{"start":{"line":24,"column":48},"end":{"line":50,"column":3}},"line":24},"1":{"name":"(anonymous_1)","decl":{"start":{"line":59,"column":2},"end":{"line":59,"column":3}},"loc":{"start":{"line":60,"column":67},"end":{"line":97,"column":3}},"line":60},"2":{"name":"(anonymous_2)","decl":{"start":{"line":104,"column":2},"end":{"line":104,"column":3}},"loc":{"start":{"line":104,"column":25},"end":{"line":116,"column":3}},"line":104},"3":{"name":"(anonymous_3)","decl":{"start":{"line":126,"column":2},"end":{"line":126,"column":3}},"loc":{"start":{"line":126,"column":29},"end":{"line":143,"column":3}},"line":126},"4":{"name":"(anonymous_4)","decl":{"start":{"line":162,"column":2},"end":{"line":162,"column":3}},"loc":{"start":{"line":162,"column":38},"end":{"line":191,"column":3}},"line":162},"5":{"name":"(anonymous_5)","decl":{"start":{"line":195,"column":2},"end":{"line":195,"column":3}},"loc":{"start":{"line":195,"column":32},"end":{"line":206,"column":3}},"line":195}},"branchMap":{"0":{"loc":{"start":{"line":40,"column":4},"end":{"line":47,"column":5}},"type":"if","locations":[{"start":{"line":40,"column":4},"end":{"line":47,"column":5}},{"start":{},"end":{}}],"line":40},"1":{"loc":{"start":{"line":43,"column":6},"end":{"line":46,"column":7}},"type":"if","locations":[{"start":{"line":43,"column":6},"end":{"line":46,"column":7}},{"start":{},"end":{}}],"line":43},"2":{"loc":{"start":{"line":68,"column":4},"end":{"line":70,"column":5}},"type":"if","locations":[{"start":{"line":68,"column":4},"end":{"line":70,"column":5}},{"start":{},"end":{}}],"line":68},"3":{"loc":{"start":{"line":140,"column":4},"end":{"line":140,"column":63}},"type":"if","locations":[{"start":{"line":140,"column":4},"end":{"line":140,"column":63}},{"start":{},"end":{}}],"line":140},"4":{"loc":{"start":{"line":163,"column":4},"end":{"line":165,"column":5}},"type":"if","locations":[{"start":{"line":163,"column":4},"end":{"line":165,"column":5}},{"start":{},"end":{}}],"line":163},"5":{"loc":{"start":{"line":187,"column":4},"end":{"line":187,"column":63}},"type":"if","locations":[{"start":{"line":187,"column":4},"end":{"line":187,"column":63}},{"start":{},"end":{}}],"line":187},"6":{"loc":{"start":{"line":205,"column":4},"end":{"line":205,"column":63}},"type":"if","locations":[{"start":{"line":205,"column":4},"end":{"line":205,"column":63}},{"start":{},"end":{}}],"line":205}},"s":{"0":1,"1":1,"2":1,"3":1,"4":1,"5":0,"6":0,"7":0,"8":0,"9":0,"10":0,"11":0,"12":0,"13":4,"14":4,"15":0,"16":4,"17":4,"18":4,"19":4,"20":0,"21":0,"22":0,"23":0,"24":0,"25":0,"26":0,"27":0,"28":0,"29":0,"30":0,"31":0,"32":0,"33":0,"34":0,"35":0,"36":0,"37":0,"38":0,"39":0,"40":0,"41":0,"42":1},"f":{"0":0,"1":4,"2":0,"3":0,"4":0,"5":0},"b":{"0":[0,0],"1":[0,0],"2":[0,4],"3":[0,0],"4":[0,0],"5":[0,0],"6":[0,0]},"_coverageSchema":"1a1c01bbd47fc00a2c39e90264f33305004495a9","hash":"ee134078cba0c60b48ea4e783e927aac69ada700"}
,"/Users/pdima/rithm/projects/express-jobly/routes/_testCommon.js": {"path":"/Users/pdima/rithm/projects/express-jobly/routes/_testCommon.js","statementMap":{"0":{"start":{"line":3,"column":11},"end":{"line":3,"column":30}},"1":{"start":{"line":4,"column":13},"end":{"line":4,"column":38}},"2":{"start":{"line":5,"column":16},"end":{"line":5,"column":44}},"3":{"start":{"line":6,"column":12},"end":{"line":6,"column":36}},"4":{"start":{"line":7,"column":24},"end":{"line":7,"column":52}},"5":{"start":{"line":11,"column":2},"end":{"line":11,"column":38}},"6":{"start":{"line":13,"column":2},"end":{"line":13,"column":42}},"7":{"start":{"line":15,"column":2},"end":{"line":15,"column":37}},"8":{"start":{"line":17,"column":2},"end":{"line":17,"column":62}},"9":{"start":{"line":19,"column":2},"end":{"line":26,"column":9}},"10":{"start":{"line":27,"column":2},"end":{"line":34,"column":9}},"11":{"start":{"line":35,"column":2},"end":{"line":42,"column":9}},"12":{"start":{"line":44,"column":2},"end":{"line":50,"column":9}},"13":{"start":{"line":51,"column":2},"end":{"line":57,"column":9}},"14":{"start":{"line":58,"column":2},"end":{"line":64,"column":9}},"15":{"start":{"line":66,"column":2},"end":{"line":73,"column":5}},"16":{"start":{"line":74,"column":2},"end":{"line":81,"column":5}},"17":{"start":{"line":82,"column":2},"end":{"line":89,"column":5}},"18":{"start":{"line":90,"column":2},"end":{"line":97,"column":5}},"19":{"start":{"line":101,"column":2},"end":{"line":101,"column":26}},"20":{"start":{"line":105,"column":2},"end":{"line":105,"column":29}},"21":{"start":{"line":109,"column":2},"end":{"line":109,"column":17}},"22":{"start":{"line":113,"column":16},"end":{"line":113,"column":63}},"23":{"start":{"line":114,"column":16},"end":{"line":114,"column":63}},"24":{"start":{"line":115,"column":19},"end":{"line":115,"column":68}},"25":{"start":{"line":118,"column":0},"end":{"line":126,"column":2}}},"fnMap":{"0":{"name":"commonBeforeAll","decl":{"start":{"line":9,"column":15},"end":{"line":9,"column":30}},"loc":{"start":{"line":9,"column":33},"end":{"line":98,"column":1}},"line":9},"1":{"name":"commonBeforeEach","decl":{"start":{"line":100,"column":15},"end":{"line":100,"column":31}},"loc":{"start":{"line":100,"column":34},"end":{"line":102,"column":1}},"line":100},"2":{"name":"commonAfterEach","decl":{"start":{"line":104,"column":15},"end":{"line":104,"column":30}},"loc":{"start":{"line":104,"column":33},"end":{"line":106,"column":1}},"line":104},"3":{"name":"commonAfterAll","decl":{"start":{"line":108,"column":15},"end":{"line":108,"column":29}},"loc":{"start":{"line":108,"column":32},"end":{"line":110,"column":1}},"line":108}},"branchMap":{},"s":{"0":1,"1":1,"2":1,"3":1,"4":1,"5":1,"6":1,"7":1,"8":1,"9":1,"10":1,"11":1,"12":1,"13":1,"14":1,"15":1,"16":1,"17":1,"18":1,"19":26,"20":26,"21":1,"22":1,"23":1,"24":1,"25":1},"f":{"0":1,"1":26,"2":26,"3":1},"b":{},"_coverageSchema":"1a1c01bbd47fc00a2c39e90264f33305004495a9","hash":"c778772eeedbb488b810ad28536ae38ec195a17d"}
,"/Users/pdima/rithm/projects/express-jobly/routes/auth.js": {"path":"/Users/pdima/rithm/projects/express-jobly/routes/auth.js","statementMap":{"0":{"start":{"line":5,"column":19},"end":{"line":5,"column":40}},"1":{"start":{"line":7,"column":13},"end":{"line":7,"column":38}},"2":{"start":{"line":8,"column":16},"end":{"line":8,"column":34}},"3":{"start":{"line":9,"column":15},"end":{"line":9,"column":35}},"4":{"start":{"line":10,"column":24},"end":{"line":10,"column":52}},"5":{"start":{"line":11,"column":23},"end":{"line":11,"column":58}},"6":{"start":{"line":12,"column":27},"end":{"line":12,"column":66}},"7":{"start":{"line":13,"column":28},"end":{"line":13,"column":54}},"8":{"start":{"line":22,"column":0},"end":{"line":35,"column":3}},"9":{"start":{"line":23,"column":20},"end":{"line":25,"column":4}},"10":{"start":{"line":26,"column":2},"end":{"line":29,"column":3}},"11":{"start":{"line":27,"column":17},"end":{"line":27,"column":53}},"12":{"start":{"line":27,"column":45},"end":{"line":27,"column":52}},"13":{"start":{"line":28,"column":4},"end":{"line":28,"column":36}},"14":{"start":{"line":31,"column":33},"end":{"line":31,"column":41}},"15":{"start":{"line":32,"column":15},"end":{"line":32,"column":58}},"16":{"start":{"line":33,"column":16},"end":{"line":33,"column":33}},"17":{"start":{"line":34,"column":2},"end":{"line":34,"column":29}},"18":{"start":{"line":46,"column":0},"end":{"line":58,"column":3}},"19":{"start":{"line":47,"column":20},"end":{"line":49,"column":4}},"20":{"start":{"line":50,"column":2},"end":{"line":53,"column":3}},"21":{"start":{"line":51,"column":17},"end":{"line":51,"column":53}},"22":{"start":{"line":51,"column":45},"end":{"line":51,"column":52}},"23":{"start":{"line":52,"column":4},"end":{"line":52,"column":36}},"24":{"start":{"line":55,"column":18},"end":{"line":55,"column":70}},"25":{"start":{"line":56,"column":16},"end":{"line":56,"column":36}},"26":{"start":{"line":57,"column":2},"end":{"line":57,"column":41}},"27":{"start":{"line":60,"column":0},"end":{"line":60,"column":24}}},"fnMap":{"0":{"name":"(anonymous_0)","decl":{"start":{"line":22,"column":22},"end":{"line":22,"column":23}},"loc":{"start":{"line":22,"column":54},"end":{"line":35,"column":1}},"line":22},"1":{"name":"(anonymous_1)","decl":{"start":{"line":27,"column":38},"end":{"line":27,"column":39}},"loc":{"start":{"line":27,"column":45},"end":{"line":27,"column":52}},"line":27},"2":{"name":"(anonymous_2)","decl":{"start":{"line":46,"column":25},"end":{"line":46,"column":26}},"loc":{"start":{"line":46,"column":57},"end":{"line":58,"column":1}},"line":46},"3":{"name":"(anonymous_3)","decl":{"start":{"line":51,"column":38},"end":{"line":51,"column":39}},"loc":{"start":{"line":51,"column":45},"end":{"line":51,"column":52}},"line":51}},"branchMap":{"0":{"loc":{"start":{"line":26,"column":2},"end":{"line":29,"column":3}},"type":"if","locations":[{"start":{"line":26,"column":2},"end":{"line":29,"column":3}},{"start":{},"end":{}}],"line":26},"1":{"loc":{"start":{"line":50,"column":2},"end":{"line":53,"column":3}},"type":"if","locations":[{"start":{"line":50,"column":2},"end":{"line":53,"column":3}},{"start":{},"end":{}}],"line":50}},"s":{"0":1,"1":1,"2":1,"3":1,"4":1,"5":1,"6":1,"7":1,"8":1,"9":0,"10":0,"11":0,"12":0,"13":0,"14":0,"15":0,"16":0,"17":0,"18":1,"19":0,"20":0,"21":0,"22":0,"23":0,"24":0,"25":0,"26":0,"27":1},"f":{"0":0,"1":0,"2":0,"3":0},"b":{"0":[0,0],"1":[0,0]},"_coverageSchema":"1a1c01bbd47fc00a2c39e90264f33305004495a9","hash":"b5449f9cbf88b828df813150dd37383d19b3d3cf"}
,"/Users/pdima/rithm/projects/express-jobly/routes/companies.js": {"path":"/Users/pdima/rithm/projects/express-jobly/routes/companies.js","statementMap":{"0":{"start":{"line":5,"column":19},"end":{"line":5,"column":40}},"1":{"start":{"line":6,"column":16},"end":{"line":6,"column":34}},"2":{"start":{"line":8,"column":28},"end":{"line":8,"column":54}},"3":{"start":{"line":9,"column":40},"end":{"line":9,"column":69}},"4":{"start":{"line":10,"column":16},"end":{"line":10,"column":44}},"5":{"start":{"line":12,"column":25},"end":{"line":12,"column":62}},"6":{"start":{"line":13,"column":28},"end":{"line":13,"column":68}},"7":{"start":{"line":14,"column":28},"end":{"line":14,"column":68}},"8":{"start":{"line":15,"column":25},"end":{"line":15,"column":53}},"9":{"start":{"line":16,"column":32},"end":{"line":16,"column":57}},"10":{"start":{"line":19,"column":12},"end":{"line":19,"column":26}},"11":{"start":{"line":20,"column":20},"end":{"line":20,"column":42}},"12":{"start":{"line":23,"column":15},"end":{"line":23,"column":35}},"13":{"start":{"line":35,"column":0},"end":{"line":48,"column":3}},"14":{"start":{"line":36,"column":20},"end":{"line":40,"column":3}},"15":{"start":{"line":41,"column":2},"end":{"line":44,"column":3}},"16":{"start":{"line":42,"column":17},"end":{"line":42,"column":51}},"17":{"start":{"line":42,"column":43},"end":{"line":42,"column":50}},"18":{"start":{"line":43,"column":4},"end":{"line":43,"column":36}},"19":{"start":{"line":46,"column":18},"end":{"line":46,"column":48}},"20":{"start":{"line":47,"column":2},"end":{"line":47,"column":43}},"21":{"start":{"line":61,"column":0},"end":{"line":96,"column":3}},"22":{"start":{"line":66,"column":18},"end":{"line":66,"column":36}},"23":{"start":{"line":67,"column":17},"end":{"line":67,"column":51}},"24":{"start":{"line":70,"column":2},"end":{"line":72,"column":3}},"25":{"start":{"line":71,"column":4},"end":{"line":71,"column":60}},"26":{"start":{"line":73,"column":2},"end":{"line":75,"column":3}},"27":{"start":{"line":74,"column":4},"end":{"line":74,"column":60}},"28":{"start":{"line":77,"column":20},"end":{"line":81,"column":3}},"29":{"start":{"line":82,"column":2},"end":{"line":85,"column":3}},"30":{"start":{"line":83,"column":17},"end":{"line":83,"column":51}},"31":{"start":{"line":83,"column":43},"end":{"line":83,"column":50}},"32":{"start":{"line":84,"column":4},"end":{"line":84,"column":36}},"33":{"start":{"line":88,"column":2},"end":{"line":91,"column":3}},"34":{"start":{"line":89,"column":22},"end":{"line":89,"column":58}},"35":{"start":{"line":90,"column":4},"end":{"line":90,"column":35}},"36":{"start":{"line":94,"column":20},"end":{"line":94,"column":43}},"37":{"start":{"line":95,"column":2},"end":{"line":95,"column":33}},"38":{"start":{"line":106,"column":0},"end":{"line":109,"column":3}},"39":{"start":{"line":107,"column":18},"end":{"line":107,"column":54}},"40":{"start":{"line":108,"column":2},"end":{"line":108,"column":31}},"41":{"start":{"line":122,"column":0},"end":{"line":135,"column":3}},"42":{"start":{"line":123,"column":20},"end":{"line":127,"column":3}},"43":{"start":{"line":128,"column":2},"end":{"line":131,"column":3}},"44":{"start":{"line":129,"column":17},"end":{"line":129,"column":51}},"45":{"start":{"line":129,"column":43},"end":{"line":129,"column":50}},"46":{"start":{"line":130,"column":4},"end":{"line":130,"column":36}},"47":{"start":{"line":133,"column":18},"end":{"line":133,"column":67}},"48":{"start":{"line":134,"column":2},"end":{"line":134,"column":31}},"49":{"start":{"line":142,"column":0},"end":{"line":145,"column":3}},"50":{"start":{"line":143,"column":2},"end":{"line":143,"column":42}},"51":{"start":{"line":144,"column":2},"end":{"line":144,"column":50}},"52":{"start":{"line":148,"column":0},"end":{"line":148,"column":24}}},"fnMap":{"0":{"name":"(anonymous_0)","decl":{"start":{"line":35,"column":30},"end":{"line":35,"column":31}},"loc":{"start":{"line":35,"column":62},"end":{"line":48,"column":1}},"line":35},"1":{"name":"(anonymous_1)","decl":{"start":{"line":42,"column":38},"end":{"line":42,"column":39}},"loc":{"start":{"line":42,"column":43},"end":{"line":42,"column":50}},"line":42},"2":{"name":"(anonymous_2)","decl":{"start":{"line":61,"column":16},"end":{"line":61,"column":17}},"loc":{"start":{"line":61,"column":48},"end":{"line":96,"column":1}},"line":61},"3":{"name":"(anonymous_3)","decl":{"start":{"line":83,"column":38},"end":{"line":83,"column":39}},"loc":{"start":{"line":83,"column":43},"end":{"line":83,"column":50}},"line":83},"4":{"name":"(anonymous_4)","decl":{"start":{"line":106,"column":23},"end":{"line":106,"column":24}},"loc":{"start":{"line":106,"column":55},"end":{"line":109,"column":1}},"line":106},"5":{"name":"(anonymous_5)","decl":{"start":{"line":122,"column":38},"end":{"line":122,"column":39}},"loc":{"start":{"line":122,"column":70},"end":{"line":135,"column":1}},"line":122},"6":{"name":"(anonymous_6)","decl":{"start":{"line":129,"column":38},"end":{"line":129,"column":39}},"loc":{"start":{"line":129,"column":43},"end":{"line":129,"column":50}},"line":129},"7":{"name":"(anonymous_7)","decl":{"start":{"line":142,"column":39},"end":{"line":142,"column":40}},"loc":{"start":{"line":142,"column":71},"end":{"line":145,"column":1}},"line":142}},"branchMap":{"0":{"loc":{"start":{"line":41,"column":2},"end":{"line":44,"column":3}},"type":"if","locations":[{"start":{"line":41,"column":2},"end":{"line":44,"column":3}},{"start":{},"end":{}}],"line":41},"1":{"loc":{"start":{"line":70,"column":2},"end":{"line":72,"column":3}},"type":"if","locations":[{"start":{"line":70,"column":2},"end":{"line":72,"column":3}},{"start":{},"end":{}}],"line":70},"2":{"loc":{"start":{"line":73,"column":2},"end":{"line":75,"column":3}},"type":"if","locations":[{"start":{"line":73,"column":2},"end":{"line":75,"column":3}},{"start":{},"end":{}}],"line":73},"3":{"loc":{"start":{"line":82,"column":2},"end":{"line":85,"column":3}},"type":"if","locations":[{"start":{"line":82,"column":2},"end":{"line":85,"column":3}},{"start":{},"end":{}}],"line":82},"4":{"loc":{"start":{"line":88,"column":2},"end":{"line":91,"column":3}},"type":"if","locations":[{"start":{"line":88,"column":2},"end":{"line":91,"column":3}},{"start":{},"end":{}}],"line":88},"5":{"loc":{"start":{"line":128,"column":2},"end":{"line":131,"column":3}},"type":"if","locations":[{"start":{"line":128,"column":2},"end":{"line":131,"column":3}},{"start":{},"end":{}}],"line":128}},"s":{"0":1,"1":1,"2":1,"3":1,"4":1,"5":1,"6":1,"7":1,"8":1,"9":1,"10":1,"11":1,"12":1,"13":1,"14":0,"15":0,"16":0,"17":0,"18":0,"19":0,"20":0,"21":1,"22":1,"23":1,"24":1,"25":0,"26":1,"27":0,"28":1,"29":1,"30":0,"31":0,"32":0,"33":1,"34":0,"35":0,"36":1,"37":0,"38":1,"39":0,"40":0,"41":1,"42":0,"43":0,"44":0,"45":0,"46":0,"47":0,"48":0,"49":1,"50":0,"51":0,"52":1},"f":{"0":0,"1":0,"2":1,"3":0,"4":0,"5":0,"6":0,"7":0},"b":{"0":[0,0],"1":[0,1],"2":[0,1],"3":[0,1],"4":[0,1],"5":[0,0]},"_coverageSchema":"1a1c01bbd47fc00a2c39e90264f33305004495a9","hash":"34a1fbb69b9b5561daa38652c306cbc674560a23"}
,"/Users/pdima/rithm/projects/express-jobly/routes/jobs.js": {"path":"/Users/pdima/rithm/projects/express-jobly/routes/jobs.js","statementMap":{"0":{"start":{"line":5,"column":19},"end":{"line":5,"column":40}},"1":{"start":{"line":6,"column":16},"end":{"line":6,"column":34}},"2":{"start":{"line":8,"column":28},"end":{"line":8,"column":54}},"3":{"start":{"line":9,"column":40},"end":{"line":9,"column":69}},"4":{"start":{"line":10,"column":12},"end":{"line":10,"column":36}},"5":{"start":{"line":12,"column":21},"end":{"line":12,"column":54}},"6":{"start":{"line":13,"column":24},"end":{"line":13,"column":60}},"7":{"start":{"line":14,"column":24},"end":{"line":14,"column":60}},"8":{"start":{"line":19,"column":12},"end":{"line":19,"column":26}},"9":{"start":{"line":20,"column":20},"end":{"line":20,"column":42}},"10":{"start":{"line":22,"column":15},"end":{"line":22,"column":35}},"11":{"start":{"line":33,"column":0},"end":{"line":46,"column":3}},"12":{"start":{"line":34,"column":20},"end":{"line":38,"column":3}},"13":{"start":{"line":39,"column":2},"end":{"line":42,"column":3}},"14":{"start":{"line":40,"column":17},"end":{"line":40,"column":53}},"15":{"start":{"line":40,"column":45},"end":{"line":40,"column":52}},"16":{"start":{"line":41,"column":4},"end":{"line":41,"column":36}},"17":{"start":{"line":44,"column":14},"end":{"line":44,"column":40}},"18":{"start":{"line":45,"column":2},"end":{"line":45,"column":39}},"19":{"start":{"line":59,"column":0},"end":{"line":88,"column":3}},"20":{"start":{"line":63,"column":18},"end":{"line":63,"column":36}},"21":{"start":{"line":64,"column":17},"end":{"line":64,"column":51}},"22":{"start":{"line":67,"column":2},"end":{"line":69,"column":3}},"23":{"start":{"line":68,"column":4},"end":{"line":68,"column":54}},"24":{"start":{"line":71,"column":20},"end":{"line":73,"column":4}},"25":{"start":{"line":74,"column":2},"end":{"line":77,"column":3}},"26":{"start":{"line":75,"column":17},"end":{"line":75,"column":53}},"27":{"start":{"line":75,"column":45},"end":{"line":75,"column":52}},"28":{"start":{"line":76,"column":4},"end":{"line":76,"column":36}},"29":{"start":{"line":80,"column":2},"end":{"line":83,"column":3}},"30":{"start":{"line":81,"column":17},"end":{"line":81,"column":49}},"31":{"start":{"line":82,"column":4},"end":{"line":82,"column":30}},"32":{"start":{"line":86,"column":15},"end":{"line":86,"column":34}},"33":{"start":{"line":87,"column":2},"end":{"line":87,"column":28}},"34":{"start":{"line":97,"column":0},"end":{"line":100,"column":3}},"35":{"start":{"line":98,"column":14},"end":{"line":98,"column":42}},"36":{"start":{"line":99,"column":2},"end":{"line":99,"column":27}},"37":{"start":{"line":113,"column":0},"end":{"line":124,"column":3}},"38":{"start":{"line":114,"column":20},"end":{"line":116,"column":4}},"39":{"start":{"line":117,"column":2},"end":{"line":120,"column":3}},"40":{"start":{"line":118,"column":17},"end":{"line":118,"column":53}},"41":{"start":{"line":118,"column":45},"end":{"line":118,"column":52}},"42":{"start":{"line":119,"column":4},"end":{"line":119,"column":36}},"43":{"start":{"line":122,"column":14},"end":{"line":122,"column":55}},"44":{"start":{"line":123,"column":2},"end":{"line":123,"column":27}},"45":{"start":{"line":131,"column":0},"end":{"line":134,"column":3}},"46":{"start":{"line":132,"column":2},"end":{"line":132,"column":34}},"47":{"start":{"line":133,"column":2},"end":{"line":133,"column":46}},"48":{"start":{"line":136,"column":0},"end":{"line":136,"column":24}}},"fnMap":{"0":{"name":"(anonymous_0)","decl":{"start":{"line":33,"column":30},"end":{"line":33,"column":31}},"loc":{"start":{"line":33,"column":62},"end":{"line":46,"column":1}},"line":33},"1":{"name":"(anonymous_1)","decl":{"start":{"line":40,"column":38},"end":{"line":40,"column":39}},"loc":{"start":{"line":40,"column":45},"end":{"line":40,"column":52}},"line":40},"2":{"name":"(anonymous_2)","decl":{"start":{"line":59,"column":16},"end":{"line":59,"column":17}},"loc":{"start":{"line":59,"column":48},"end":{"line":88,"column":1}},"line":59},"3":{"name":"(anonymous_3)","decl":{"start":{"line":75,"column":38},"end":{"line":75,"column":39}},"loc":{"start":{"line":75,"column":45},"end":{"line":75,"column":52}},"line":75},"4":{"name":"(anonymous_4)","decl":{"start":{"line":97,"column":19},"end":{"line":97,"column":20}},"loc":{"start":{"line":97,"column":51},"end":{"line":100,"column":1}},"line":97},"5":{"name":"(anonymous_5)","decl":{"start":{"line":113,"column":34},"end":{"line":113,"column":35}},"loc":{"start":{"line":113,"column":66},"end":{"line":124,"column":1}},"line":113},"6":{"name":"(anonymous_6)","decl":{"start":{"line":118,"column":38},"end":{"line":118,"column":39}},"loc":{"start":{"line":118,"column":45},"end":{"line":118,"column":52}},"line":118},"7":{"name":"(anonymous_7)","decl":{"start":{"line":131,"column":35},"end":{"line":131,"column":36}},"loc":{"start":{"line":131,"column":67},"end":{"line":134,"column":1}},"line":131}},"branchMap":{"0":{"loc":{"start":{"line":39,"column":2},"end":{"line":42,"column":3}},"type":"if","locations":[{"start":{"line":39,"column":2},"end":{"line":42,"column":3}},{"start":{},"end":{}}],"line":39},"1":{"loc":{"start":{"line":67,"column":2},"end":{"line":69,"column":3}},"type":"if","locations":[{"start":{"line":67,"column":2},"end":{"line":69,"column":3}},{"start":{},"end":{}}],"line":67},"2":{"loc":{"start":{"line":74,"column":2},"end":{"line":77,"column":3}},"type":"if","locations":[{"start":{"line":74,"column":2},"end":{"line":77,"column":3}},{"start":{},"end":{}}],"line":74},"3":{"loc":{"start":{"line":80,"column":2},"end":{"line":83,"column":3}},"type":"if","locations":[{"start":{"line":80,"column":2},"end":{"line":83,"column":3}},{"start":{},"end":{}}],"line":80},"4":{"loc":{"start":{"line":117,"column":2},"end":{"line":120,"column":3}},"type":"if","locations":[{"start":{"line":117,"column":2},"end":{"line":120,"column":3}},{"start":{},"end":{}}],"line":117}},"s":{"0":1,"1":1,"2":1,"3":1,"4":1,"5":1,"6":1,"7":1,"8":1,"9":1,"10":1,"11":1,"12":3,"13":3,"14":3,"15":6,"16":3,"17":0,"18":0,"19":1,"20":1,"21":1,"22":1,"23":0,"24":1,"25":1,"26":0,"27":0,"28":0,"29":1,"30":0,"31":0,"32":1,"33":1,"34":1,"35":2,"36":1,"37":1,"38":4,"39":4,"40":2,"41":2,"42":2,"43":2,"44":1,"45":1,"46":2,"47":1,"48":1},"f":{"0":3,"1":6,"2":1,"3":0,"4":2,"5":4,"6":2,"7":2},"b":{"0":[3,0],"1":[0,1],"2":[0,1],"3":[0,1],"4":[2,2]},"_coverageSchema":"1a1c01bbd47fc00a2c39e90264f33305004495a9","hash":"5ed988a9fddc2898b342639badac544505385a9a"}
,"/Users/pdima/rithm/projects/express-jobly/routes/users.js": {"path":"/Users/pdima/rithm/projects/express-jobly/routes/users.js","statementMap":{"0":{"start":{"line":5,"column":19},"end":{"line":5,"column":40}},"1":{"start":{"line":7,"column":16},"end":{"line":7,"column":34}},"2":{"start":{"line":8,"column":59},"end":{"line":8,"column":88}},"3":{"start":{"line":9,"column":28},"end":{"line":9,"column":54}},"4":{"start":{"line":10,"column":13},"end":{"line":10,"column":38}},"5":{"start":{"line":11,"column":24},"end":{"line":11,"column":52}},"6":{"start":{"line":12,"column":22},"end":{"line":12,"column":56}},"7":{"start":{"line":13,"column":25},"end":{"line":13,"column":62}},"8":{"start":{"line":15,"column":15},"end":{"line":15,"column":31}},"9":{"start":{"line":29,"column":0},"end":{"line":41,"column":3}},"10":{"start":{"line":30,"column":20},"end":{"line":32,"column":4}},"11":{"start":{"line":33,"column":2},"end":{"line":36,"column":3}},"12":{"start":{"line":34,"column":17},"end":{"line":34,"column":53}},"13":{"start":{"line":34,"column":45},"end":{"line":34,"column":52}},"14":{"start":{"line":35,"column":4},"end":{"line":35,"column":36}},"15":{"start":{"line":38,"column":15},"end":{"line":38,"column":44}},"16":{"start":{"line":39,"column":16},"end":{"line":39,"column":33}},"17":{"start":{"line":40,"column":2},"end":{"line":40,"column":47}},"18":{"start":{"line":50,"column":0},"end":{"line":53,"column":3}},"19":{"start":{"line":51,"column":16},"end":{"line":51,"column":36}},"20":{"start":{"line":52,"column":2},"end":{"line":52,"column":29}},"21":{"start":{"line":62,"column":0},"end":{"line":65,"column":3}},"22":{"start":{"line":63,"column":15},"end":{"line":63,"column":50}},"23":{"start":{"line":64,"column":2},"end":{"line":64,"column":28}},"24":{"start":{"line":77,"column":0},"end":{"line":91,"column":3}},"25":{"start":{"line":78,"column":20},"end":{"line":82,"column":3}},"26":{"start":{"line":84,"column":2},"end":{"line":87,"column":3}},"27":{"start":{"line":85,"column":17},"end":{"line":85,"column":53}},"28":{"start":{"line":85,"column":45},"end":{"line":85,"column":52}},"29":{"start":{"line":86,"column":4},"end":{"line":86,"column":36}},"30":{"start":{"line":89,"column":15},"end":{"line":89,"column":63}},"31":{"start":{"line":90,"column":2},"end":{"line":90,"column":28}},"32":{"start":{"line":98,"column":0},"end":{"line":101,"column":3}},"33":{"start":{"line":99,"column":2},"end":{"line":99,"column":41}},"34":{"start":{"line":100,"column":2},"end":{"line":100,"column":52}},"35":{"start":{"line":103,"column":0},"end":{"line":103,"column":24}}},"fnMap":{"0":{"name":"(anonymous_0)","decl":{"start":{"line":29,"column":30},"end":{"line":29,"column":31}},"loc":{"start":{"line":29,"column":62},"end":{"line":41,"column":1}},"line":29},"1":{"name":"(anonymous_1)","decl":{"start":{"line":34,"column":38},"end":{"line":34,"column":39}},"loc":{"start":{"line":34,"column":45},"end":{"line":34,"column":52}},"line":34},"2":{"name":"(anonymous_2)","decl":{"start":{"line":50,"column":29},"end":{"line":50,"column":30}},"loc":{"start":{"line":50,"column":61},"end":{"line":53,"column":1}},"line":50},"3":{"name":"(anonymous_3)","decl":{"start":{"line":62,"column":44},"end":{"line":62,"column":45}},"loc":{"start":{"line":62,"column":76},"end":{"line":65,"column":1}},"line":62},"4":{"name":"(anonymous_4)","decl":{"start":{"line":77,"column":46},"end":{"line":77,"column":47}},"loc":{"start":{"line":77,"column":78},"end":{"line":91,"column":1}},"line":77},"5":{"name":"(anonymous_5)","decl":{"start":{"line":85,"column":38},"end":{"line":85,"column":39}},"loc":{"start":{"line":85,"column":45},"end":{"line":85,"column":52}},"line":85},"6":{"name":"(anonymous_6)","decl":{"start":{"line":98,"column":47},"end":{"line":98,"column":48}},"loc":{"start":{"line":98,"column":79},"end":{"line":101,"column":1}},"line":98}},"branchMap":{"0":{"loc":{"start":{"line":33,"column":2},"end":{"line":36,"column":3}},"type":"if","locations":[{"start":{"line":33,"column":2},"end":{"line":36,"column":3}},{"start":{},"end":{}}],"line":33},"1":{"loc":{"start":{"line":84,"column":2},"end":{"line":87,"column":3}},"type":"if","locations":[{"start":{"line":84,"column":2},"end":{"line":87,"column":3}},{"start":{},"end":{}}],"line":84}},"s":{"0":1,"1":1,"2":1,"3":1,"4":1,"5":1,"6":1,"7":1,"8":1,"9":1,"10":0,"11":0,"12":0,"13":0,"14":0,"15":0,"16":0,"17":0,"18":1,"19":0,"20":0,"21":1,"22":0,"23":0,"24":1,"25":0,"26":0,"27":0,"28":0,"29":0,"30":0,"31":0,"32":1,"33":0,"34":0,"35":1},"f":{"0":0,"1":0,"2":0,"3":0,"4":0,"5":0,"6":0},"b":{"0":[0,0],"1":[0,0]},"_coverageSchema":"1a1c01bbd47fc00a2c39e90264f33305004495a9","hash":"8e3bbc9db5322644cefce5ae7ca325fe036f78ae"}
}
