TN:
SF:expressError.js
FN:8,(anonymous_0)
FN:18,(anonymous_1)
FN:26,(anonymous_2)
FN:34,(anonymous_3)
FN:42,(anonymous_4)
FNF:5
FNH:2
FNDA:2,(anonymous_0)
FNDA:0,(anonymous_1)
FNDA:0,(anonymous_2)
FNDA:2,(anonymous_3)
FNDA:0,(anonymous_4)
DA:9,2
DA:10,2
DA:11,2
DA:19,0
DA:27,0
DA:35,2
DA:43,0
DA:47,1
LF:8
LH:5
BRDA:18,0,0,0
BRDA:26,1,0,0
BRDA:34,2,0,1
BRDA:42,3,0,0
BRF:4
BRH:1
end_of_record
TN:
SF:helpers/sql.js
FN:32,sqlForPartialUpdate
FN:37,(anonymous_1)
FN:51,sqlForCompanySearch
FN:56,(anonymous_3)
FN:68,sqlForCompanySearchByName
FN:80,sqlForCompanySearchByNumEmps
FNF:6
FNH:4
FNDA:4,sqlForPartialUpdate
FNDA:4,(anonymous_1)
FNDA:0,sqlForCompanySearch
FNDA:0,(anonymous_3)
FNDA:1,sqlForCompanySearchByName
FNDA:4,sqlForCompanySearchByNumEmps
DA:3,1
DA:33,4
DA:34,4
DA:37,3
DA:38,4
DA:41,3
DA:52,0
DA:53,0
DA:56,0
DA:57,0
DA:60,0
DA:69,1
DA:70,0
DA:72,1
DA:82,4
DA:83,4
DA:84,0
DA:86,4
DA:87,1
DA:89,3
DA:90,3
DA:91,2
DA:93,3
DA:94,2
DA:97,3
DA:100,1
LF:26
LH:19
BRDA:34,0,0,1
BRDA:34,0,1,3
BRDA:38,1,0,4
BRDA:38,1,1,1
BRDA:53,2,0,0
BRDA:53,2,1,0
BRDA:57,3,0,0
BRDA:57,3,1,0
BRDA:69,4,0,0
BRDA:69,4,1,1
BRDA:69,5,0,1
BRDA:69,5,1,1
BRDA:83,6,0,0
BRDA:83,6,1,4
BRDA:83,7,0,4
BRDA:83,7,1,1
BRDA:86,8,0,1
BRDA:86,8,1,3
BRDA:90,9,0,2
BRDA:90,9,1,1
BRDA:93,10,0,2
BRDA:93,10,1,1
BRF:22
BRH:16
end_of_record
